{"/Users/vy/Documents/renn-labs/my-sfui-app/src/components/Cart/ProductList.tsx": {"path":"/Users/vy/Documents/renn-labs/my-sfui-app/src/components/Cart/ProductList.tsx","statementMap":{},"fnMap":{},"branchMap":{},"s":{},"f":{},"b":{}}
,"/Users/vy/Documents/renn-labs/my-sfui-app/src/components/Cart/index.tsx": {"path":"/Users/vy/Documents/renn-labs/my-sfui-app/src/components/Cart/index.tsx","statementMap":{},"fnMap":{},"branchMap":{},"s":{},"f":{},"b":{}}
,"/Users/vy/Documents/renn-labs/my-sfui-app/src/components/Common/index.tsx": {"path":"/Users/vy/Documents/renn-labs/my-sfui-app/src/components/Common/index.tsx","statementMap":{},"fnMap":{},"branchMap":{},"s":{},"f":{},"b":{}}
,"/Users/vy/Documents/renn-labs/my-sfui-app/src/components/Home/index.tsx": {"path":"/Users/vy/Documents/renn-labs/my-sfui-app/src/components/Home/index.tsx","statementMap":{},"fnMap":{},"branchMap":{},"s":{},"f":{},"b":{}}
,"/Users/vy/Documents/renn-labs/my-sfui-app/src/components/Layout/index.tsx": {"path":"/Users/vy/Documents/renn-labs/my-sfui-app/src/components/Layout/index.tsx","statementMap":{},"fnMap":{},"branchMap":{},"s":{},"f":{},"b":{}}
,"/Users/vy/Documents/renn-labs/my-sfui-app/src/components/Order/index.tsx": {"path":"/Users/vy/Documents/renn-labs/my-sfui-app/src/components/Order/index.tsx","statementMap":{},"fnMap":{},"branchMap":{},"s":{},"f":{},"b":{}}
,"/Users/vy/Documents/renn-labs/my-sfui-app/src/components/Product/index.tsx": {"path":"/Users/vy/Documents/renn-labs/my-sfui-app/src/components/Product/index.tsx","statementMap":{},"fnMap":{},"branchMap":{},"s":{},"f":{},"b":{}}
,"/Users/vy/Documents/renn-labs/my-sfui-app/src/components/Search/index.tsx": {"path":"/Users/vy/Documents/renn-labs/my-sfui-app/src/components/Search/index.tsx","statementMap":{},"fnMap":{},"branchMap":{},"s":{},"f":{},"b":{}}
,"/Users/vy/Documents/renn-labs/my-sfui-app/src/constants/filter.ts": {"path":"/Users/vy/Documents/renn-labs/my-sfui-app/src/constants/filter.ts","statementMap":{"0":{"start":{"line":1,"column":29},"end":{"line":37,"column":1}},"1":{"start":{"line":39,"column":30},"end":{"line":45,"column":1}},"2":{"start":{"line":47,"column":28},"end":{"line":76,"column":1}}},"fnMap":{},"branchMap":{},"s":{"0":0,"1":0,"2":0},"f":{},"b":{}}
,"/Users/vy/Documents/renn-labs/my-sfui-app/src/utils/env.ts": {"path":"/Users/vy/Documents/renn-labs/my-sfui-app/src/utils/env.ts","statementMap":{"0":{"start":{"line":1,"column":24},"end":{"line":1,"column":53}}},"fnMap":{},"branchMap":{},"s":{"0":0},"f":{},"b":{}}
}
